[32mINFO    [0m cases.conftest:conftest.py:21 2024-07-05 15:55:43 [conftest.create_page:21]-[INFO]:page session fixture starting....
[32mINFO    [0m cases.test_checkout.test_pacypay_cashier:test_pacypay_cashier.py:59 2024-07-05 15:55:44 [test_pacypay_cashier.test_pacypay_casher_pc:59]-[INFO]:æ­£åœ¨æµ‹è¯•ç«™ç‚¹ https://test.cncest.com/çš„PacyPayCashier ç»“è´¦æ¨¡å—
[35mDEBUG   [0m modules.module_common.module_common:module_common.py:119 2024-07-05 15:55:53 [module_common.click_buy_now:119]-[DEBUG]:https://test.cncest.com/ ç‚¹å‡»BuyNowæŒ‰é’®
[35mDEBUG   [0m modules.module_common.module_common:module_common.py:156 2024-07-05 15:55:53 [module_common.input_email:156]-[DEBUG]:https://test.cncest.com/ è¾“å…¥é‚®ç®±
[35mDEBUG   [0m modules.module_common.module_common:module_common.py:167 2024-07-05 15:55:58 [module_common.select_country:167]-[DEBUG]:https://test.cncest.com/: é€‰æ‹©å®¢æˆ·å›½å®¶
[35mDEBUG   [0m modules.module_common.module_common:module_common.py:174 2024-07-05 15:55:58 [module_common.input_firstname:174]-[DEBUG]:https://test.cncest.com/: è¾“å…¥å®¢æˆ·å
[35mDEBUG   [0m modules.module_common.module_common:module_common.py:181 2024-07-05 15:55:58 [module_common.input_lastname:181]-[DEBUG]:https://test.cncest.com/: è¾“å…¥å®¢æˆ·å§“
[35mDEBUG   [0m modules.module_common.module_common:module_common.py:189 2024-07-05 15:55:58 [module_common.input_address:189]-[DEBUG]:https://test.cncest.com/: è¾“å…¥å®¢æˆ·åœ°å€
[35mDEBUG   [0m modules.module_common.module_common:module_common.py:196 2024-07-05 15:55:59 [module_common.input_shipping_city:196]-[DEBUG]:https://test.cncest.com/: è¾“å…¥å®¢æˆ·ä»˜æ¬¾åŸå¸‚
[35mDEBUG   [0m modules.module_common.module_common:module_common.py:203 2024-07-05 15:55:59 [module_common.input_zipcode:203]-[DEBUG]:https://test.cncest.com/è¾“å…¥å®¢æˆ·é‚®ç¼–
[35mDEBUG   [0m modules.module_common.module_common:module_common.py:214 2024-07-05 15:56:01 [module_common.select_states:214]-[DEBUG]:https://test.cncest.com/: é€‰æ‹©å®¢æˆ·States
[35mDEBUG   [0m modules.module_common.module_common:module_common.py:221 2024-07-05 15:56:01 [module_common.input_phone:221]-[DEBUG]:https://test.cncest.com/: è¾“å…¥å®¢æˆ·æ‰‹æœºå·
[35mDEBUG   [0m modules.module_common.module_common:module_common.py:228 2024-07-05 15:56:01 [module_common.click_save_button:228]-[DEBUG]:https://test.cncest.com/: ç‚¹å‡»save&Continue æŒ‰é’®
[1m[31mERROR   [0m modules.module_checkout.moudle_pacyay_casher:moudle_pacyay_casher.py:24 2024-07-05 15:56:31 [moudle_pacyay_casher.choose_pacypay_ca:24]-[ERROR]:https://test.cncest.com/ é€‰æ‹© PacyPayCasher ç»“è´¦å‡ºç°å¼‚å¸¸:Page.click: Timeout 30000ms exceeded.
Call log:
waiting for locator("//*[@value=\"pacypayment_cashier\"]/../div")

[1m[31mERROR   [0m modules.module_checkout.moudle_pacyay_casher:moudle_pacyay_casher.py:31 2024-07-05 15:57:01 [moudle_pacyay_casher.paynow_pacypay_ca:31]-[ERROR]:https://test.cncest.com/ é€‰æ‹©PacyPayCasherç‚¹å‡»PayNowç»“è´¦å‡ºç°å¼‚å¸¸:Page.click: Timeout 30000ms exceeded.
Call log:
waiting for locator("//input[@id=\"PacyPay_checkout_button_cashier\"]")

[1m[31mERROR   [0m modules.module_checkout.moudle_pacyay_casher:moudle_pacyay_casher.py:39 2024-07-05 15:57:31 [moudle_pacyay_casher.assert_pacypay_ca:39]-[ERROR]:https://test.cncest.com/ é€‰æ‹©PacyPayCasherè·å–æ–­è¨€åœ°å€å‡ºç°å¼‚å¸¸:Page.wait_for_selector: Timeout 30000ms exceeded.
Call log:
waiting for locator("//*[@class = \"logo\"]") to be visible

[35mDEBUG   [0m cases.test_checkout.test_pacypay_cashier:test_pacypay_cashier.py:70 2024-07-05 15:57:31 [test_pacypay_cashier.test_pacypay_casher_pc:70]-[DEBUG]:https://test.cncest.com/PacyPayCashieræ–­è¨€URL None
[32mINFO    [0m cases.conftest:conftest.py:30 2024-07-05 15:57:31 [conftest.create_page:30]-[INFO]:page session fixture closing.......